"C:/Users/mag11/Documents/Unreal Projects/Fanmade_VivaPinata/Content/Gameplay/Enums/CandyTypes/CandyType.uasset" 0
"C:/Users/mag11/Documents/Unreal Projects/Fanmade_VivaPinata/Content/Gameplay/Enums/CandyTypes/CandyType.uexp" 1
"C:/Users/mag11/Documents/Unreal Projects/Fanmade_VivaPinata/Content/Gameplay/Enums/SeedTypes/SeedType.uasset" 2
"C:/Users/mag11/Documents/Unreal Projects/Fanmade_VivaPinata/Content/Gameplay/Enums/SeedTypes/SeedType.uexp" 3
"C:/Users/mag11/Documents/Unreal Projects/Fanmade_VivaPinata/Content/Gameplay/Enums/MainCharactorEnums/Gamemode.uasset" 4
"C:/Users/mag11/Documents/Unreal Projects/Fanmade_VivaPinata/Content/Gameplay/Enums/MainCharactorEnums/Gamemode.uexp" 5
"C:/Users/mag11/Documents/Unreal Projects/Fanmade_VivaPinata/Content/Gameplay/Blueprints/GameInt.uasset" 6
"C:/Users/mag11/Documents/Unreal Projects/Fanmade_VivaPinata/Content/Gameplay/Blueprints/GameInt.uexp" 7
"../../../Engine/Plugins/Runtime/HairStrands/Content/Materials/HairMeshesDefaultMaterial.uasset" 8
"../../../Engine/Plugins/Runtime/HairStrands/Content/Materials/HairMeshesDefaultMaterial.uexp" 9
"../../../Engine/Plugins/Runtime/HairStrands/Content/Materials/HairDefaultMaterial.uasset" 10
"../../../Engine/Plugins/Runtime/HairStrands/Content/Materials/HairDefaultMaterial.uexp" 11
"../../../Engine/Plugins/Runtime/HairStrands/Content/Materials/HairGroupColors.uasset" 12
"../../../Engine/Plugins/Runtime/HairStrands/Content/Materials/HairGroupColors.uexp" 13
"../../../Engine/Content/Functions/Engine_MaterialFunctions02/Utility/MakeFloat2.uasset" 14
"../../../Engine/Content/Functions/Engine_MaterialFunctions02/Utility/MakeFloat2.uexp" 15
"../../../Engine/Content/Functions/Engine_MaterialFunctions02/Utility/MakeFloat3.uasset" 16
"../../../Engine/Content/Functions/Engine_MaterialFunctions02/Utility/MakeFloat3.uexp" 17
"../../../Engine/Content/EngineMaterials/HairColorMap.uasset" 18
"../../../Engine/Content/EngineMaterials/HairColorMap.uexp" 19
"../../../Engine/Content/EngineMaterials/HairDebugColor.uasset" 20
"../../../Engine/Content/EngineMaterials/HairDebugColor.uexp" 21
"../../../Engine/Plugins/Runtime/HairStrands/Content/Materials/HairDebugMaterial.uasset" 22
"../../../Engine/Plugins/Runtime/HairStrands/Content/Materials/HairDebugMaterial.uexp" 23
"../../../Engine/Plugins/Runtime/HairStrands/Content/Materials/HairCardsDefaultMaterial.uasset" 24
"../../../Engine/Plugins/Runtime/HairStrands/Content/Materials/HairCardsDefaultMaterial.uexp" 25
"../../../Engine/Content/Functions/Engine_MaterialFunctions02/Utility/VectorLength.uasset" 26
"../../../Engine/Content/Functions/Engine_MaterialFunctions02/Utility/VectorLength.uexp" 27
"../../../Engine/Content/Functions/Engine_MaterialFunctions02/WorldPositionOffset/ObjectScale.uasset" 28
"../../../Engine/Content/Functions/Engine_MaterialFunctions02/WorldPositionOffset/ObjectScale.uexp" 29
"../../../Engine/Plugins/Marketplace/VoxelFree/Content/MaterialHelpers/Voxel_LocalPosition.uasset" 30
"../../../Engine/Plugins/Marketplace/VoxelFree/Content/MaterialHelpers/Voxel_LocalPosition.uexp" 31
"../../../Engine/Content/Functions/Engine_MaterialFunctions02/Utility/BreakOutFloat2Components.uasset" 32
"../../../Engine/Content/Functions/Engine_MaterialFunctions02/Utility/BreakOutFloat2Components.uexp" 33
"../../../Engine/Plugins/Marketplace/VoxelFree/Content/ToolMaterials/ViewportPlaneMaterial.uasset" 34
"../../../Engine/Plugins/Marketplace/VoxelFree/Content/ToolMaterials/ViewportPlaneMaterial.uexp" 35
"../../../Engine/Content/Functions/Engine_MaterialFunctions02/Utility/MakeFloat4.uasset" 36
"../../../Engine/Content/Functions/Engine_MaterialFunctions02/Utility/MakeFloat4.uexp" 37
"../../../Engine/Content/Functions/Engine_MaterialFunctions02/SmoothStep.uasset" 38
"../../../Engine/Content/Functions/Engine_MaterialFunctions02/SmoothStep.uexp" 39
"../../../Engine/Content/Functions/Engine_MaterialFunctions01/Gradient/LinearGradient.uasset" 40
"../../../Engine/Content/Functions/Engine_MaterialFunctions01/Gradient/LinearGradient.uexp" 41
"../../../Engine/Content/Functions/Engine_MaterialFunctions01/ImageAdjustment/CheapContrast.uasset" 42
"../../../Engine/Content/Functions/Engine_MaterialFunctions01/ImageAdjustment/CheapContrast.uexp" 43
"../../../Engine/Content/Functions/Engine_MaterialFunctions02/Utility/BreakOutFloat3Components.uasset" 44
"../../../Engine/Content/Functions/Engine_MaterialFunctions02/Utility/BreakOutFloat3Components.uexp" 45
"../../../Engine/Plugins/Marketplace/VoxelFree/Content/ToolMaterials/ToolRenderingMaterial.uasset" 46
"../../../Engine/Plugins/Marketplace/VoxelFree/Content/ToolMaterials/ToolRenderingMaterial.uexp" 47
"../../../Engine/Plugins/Marketplace/VoxelFree/Content/ToolMaterials/ToolRenderingMaterial_Trim.uasset" 48
"../../../Engine/Plugins/Marketplace/VoxelFree/Content/ToolMaterials/ToolRenderingMaterial_Trim.uexp" 49
"../../../Engine/Plugins/Marketplace/VoxelFree/Content/ToolMaterials/ToolRenderingMaterial_Surface.uasset" 50
"../../../Engine/Plugins/Marketplace/VoxelFree/Content/ToolMaterials/ToolRenderingMaterial_Surface.uexp" 51
"../../../Engine/Plugins/Marketplace/VoxelFree/Content/ToolMaterials/ToolRenderingMaterial_Sphere.uasset" 52
"../../../Engine/Plugins/Marketplace/VoxelFree/Content/ToolMaterials/ToolRenderingMaterial_Sphere.uexp" 53
"../../../Engine/Plugins/Marketplace/VoxelFree/Content/ToolMaterials/ToolRenderingMaterial_Smooth.uasset" 54
"../../../Engine/Plugins/Marketplace/VoxelFree/Content/ToolMaterials/ToolRenderingMaterial_Smooth.uexp" 55
"../../../Engine/Plugins/Marketplace/VoxelFree/Content/ToolMaterials/ToolRenderingMaterial_Flatten.uasset" 56
"../../../Engine/Plugins/Marketplace/VoxelFree/Content/ToolMaterials/ToolRenderingMaterial_Flatten.uexp" 57
"../../../Engine/Plugins/Marketplace/VoxelFree/Content/ToolMaterials/ToolMeshMaterial.uasset" 58
"../../../Engine/Plugins/Marketplace/VoxelFree/Content/ToolMaterials/ToolMeshMaterial.uexp" 59
"../../../Engine/Plugins/Marketplace/VoxelFree/Content/ToolMaterials/ToolMeshMaterial_Sphere.uasset" 60
"../../../Engine/Plugins/Marketplace/VoxelFree/Content/ToolMaterials/ToolMeshMaterial_Sphere.uexp" 61
"../../../Engine/Plugins/Marketplace/VoxelFree/Content/ToolMaterials/ToolMeshMaterial_Mesh.uasset" 62
"../../../Engine/Plugins/Marketplace/VoxelFree/Content/ToolMaterials/ToolMeshMaterial_Mesh.uexp" 63
"../../../Engine/Plugins/Marketplace/VoxelFree/Content/ToolMaterials/ToolMeshMaterial_Level.uasset" 64
"../../../Engine/Plugins/Marketplace/VoxelFree/Content/ToolMaterials/ToolMeshMaterial_Level.uexp" 65
"../../../Engine/Content/EngineMaterials/T_Default_Material_Grid_M.ubulk" 66
"../../../Engine/Content/EngineMaterials/T_Default_Material_Grid_M.uasset" 67
"../../../Engine/Content/EngineMaterials/T_Default_Material_Grid_M.uexp" 68
"../../../Engine/Content/EngineMaterials/T_Default_Material_Grid_N.ubulk" 69
"../../../Engine/Content/EngineMaterials/T_Default_Material_Grid_N.uasset" 70
"../../../Engine/Content/EngineMaterials/T_Default_Material_Grid_N.uexp" 71
"../../../Engine/Content/Functions/Engine_MaterialFunctions01/Opacity/CameraDepthFade.uasset" 72
"../../../Engine/Content/Functions/Engine_MaterialFunctions01/Opacity/CameraDepthFade.uexp" 73
"../../../Engine/Content/EngineMaterials/WorldGridMaterial.uasset" 74
"../../../Engine/Content/EngineMaterials/WorldGridMaterial.uexp" 75
"../../../Engine/Plugins/Marketplace/VoxelFree/Content/Preview/SM_Plane.uasset" 76
"../../../Engine/Plugins/Marketplace/VoxelFree/Content/Preview/SM_Plane.uexp" 77
"../../../Engine/Plugins/Marketplace/VoxelFree/Content/Preview/C_GradientWater.uasset" 78
"../../../Engine/Plugins/Marketplace/VoxelFree/Content/Preview/C_GradientWater.uexp" 79
"../../../Engine/Plugins/Marketplace/VoxelFree/Content/Preview/C_GradientNoWater.uasset" 80
"../../../Engine/Plugins/Marketplace/VoxelFree/Content/Preview/C_GradientNoWater.uexp" 81
"../../../Engine/Plugins/Marketplace/VoxelFree/Content/Preview/CA_Gradient.uasset" 82
"../../../Engine/Plugins/Marketplace/VoxelFree/Content/Preview/CA_Gradient.uexp" 83
"../../../Engine/Content/Functions/Engine_MaterialFunctions01/Volumetrics/BeersLaw.uasset" 84
"../../../Engine/Content/Functions/Engine_MaterialFunctions01/Volumetrics/BeersLaw.uexp" 85
"../../../Engine/Plugins/Marketplace/VoxelFree/Content/Preview/DefaultVoxelPreview.uasset" 86
"../../../Engine/Plugins/Marketplace/VoxelFree/Content/Preview/DefaultVoxelPreview.uexp" 87
"../../../Engine/Content/Functions/Engine_MaterialFunctions02/ExampleContent/Textures/SphereRenderHeightMap.ubulk" 88
"../../../Engine/Content/Functions/Engine_MaterialFunctions02/ExampleContent/Textures/SphereRenderHeightMap.uasset" 89
"../../../Engine/Content/Functions/Engine_MaterialFunctions02/ExampleContent/Textures/SphereRenderHeightMap.uexp" 90
"../../../Engine/Content/Functions/Engine_MaterialFunctions01/Math/BoxIntersection.uasset" 91
"../../../Engine/Content/Functions/Engine_MaterialFunctions01/Math/BoxIntersection.uexp" 92
"../../../Engine/Content/Functions/Engine_MaterialFunctions01/Coordinates/1Dto2DIndex.uasset" 93
"../../../Engine/Content/Functions/Engine_MaterialFunctions01/Coordinates/1Dto2DIndex.uexp" 94
"../../../Engine/Plugins/Marketplace/VoxelFree/Content/Preview/VoxelRayMarchHeightMap.uasset" 95
"../../../Engine/Plugins/Marketplace/VoxelFree/Content/Preview/VoxelRayMarchHeightMap.uexp" 96
"../../../Engine/Plugins/Marketplace/VoxelFree/Content/Preview/M_PreviewMaterial.uasset" 97
"../../../Engine/Plugins/Marketplace/VoxelFree/Content/Preview/M_PreviewMaterial.uexp" 98
"../../../Engine/Plugins/Marketplace/VoxelFree/Content/Preview/M_2DPreviewMaterial.uasset" 99
"../../../Engine/Plugins/Marketplace/VoxelFree/Content/Preview/M_2DPreviewMaterial.uexp" 100
"../../../Engine/Plugins/Marketplace/VoxelFree/Content/Examples/VoxelDefaultBrushMask.uasset" 101
"../../../Engine/Plugins/Marketplace/VoxelFree/Content/Examples/VoxelDefaultBrushMask.uexp" 102
"../../../Engine/Content/Functions/Engine_MaterialFunctions02/Texturing/ScreenAlignedPixelToPixelUVs.uasset" 103
"../../../Engine/Content/Functions/Engine_MaterialFunctions02/Texturing/ScreenAlignedPixelToPixelUVs.uexp" 104
"../../../Engine/Content/EngineMaterials/Good64x64TilingNoiseHighFreq.uasset" 105
"../../../Engine/Content/EngineMaterials/Good64x64TilingNoiseHighFreq.uexp" 106
"../../../Engine/Content/Functions/Engine_MaterialFunctions02/Utility/DitherTemporalAA.uasset" 107
"../../../Engine/Content/Functions/Engine_MaterialFunctions02/Utility/DitherTemporalAA.uexp" 108
"../../../Engine/Plugins/Marketplace/VoxelFree/Content/MaterialHelpers/VoxelOpacity.uasset" 109
"../../../Engine/Plugins/Marketplace/VoxelFree/Content/MaterialHelpers/VoxelOpacity.uexp" 110
"../../../Engine/Plugins/Marketplace/VoxelFree/Content/Examples/Materials/RGB/M_VoxelMaterial_Colors_Parameter.uasset" 111
"../../../Engine/Plugins/Marketplace/VoxelFree/Content/Examples/Materials/RGB/M_VoxelMaterial_Colors_Parameter.uexp" 112
"../../../Engine/Plugins/Marketplace/VoxelFree/Content/Examples/Importers/Chair/VoxelExample_T_Chair_N.ubulk" 113
"../../../Engine/Plugins/Marketplace/VoxelFree/Content/Examples/Importers/Chair/VoxelExample_T_Chair_N.uasset" 114
"../../../Engine/Plugins/Marketplace/VoxelFree/Content/Examples/Importers/Chair/VoxelExample_T_Chair_N.uexp" 115
"../../../Engine/Plugins/Marketplace/VoxelFree/Content/Examples/Importers/Chair/VoxelExample_T_Chair_M.ubulk" 116
"../../../Engine/Plugins/Marketplace/VoxelFree/Content/Examples/Importers/Chair/VoxelExample_T_Chair_M.uasset" 117
"../../../Engine/Plugins/Marketplace/VoxelFree/Content/Examples/Importers/Chair/VoxelExample_T_Chair_M.uexp" 118
"../../../Engine/Plugins/Marketplace/VoxelFree/Content/Examples/Importers/Chair/VoxelExample_M_Chair.uasset" 119
"../../../Engine/Plugins/Marketplace/VoxelFree/Content/Examples/Importers/Chair/VoxelExample_M_Chair.uexp" 120
"../../../Engine/Plugins/Marketplace/VoxelFree/Content/Examples/Importers/Chair/VoxelExample_SM_Chair.uasset" 121
"../../../Engine/Plugins/Marketplace/VoxelFree/Content/Examples/Importers/Chair/VoxelExample_SM_Chair.uexp" 122
"../../../Engine/Plugins/Marketplace/VoxelFree/Content/Examples/Importers/Chair/VoxelExample_M_Chair_Emissive_UVs.uasset" 123
"../../../Engine/Plugins/Marketplace/VoxelFree/Content/Examples/Importers/Chair/VoxelExample_M_Chair_Emissive_UVs.uexp" 124
"../../../Engine/Plugins/Marketplace/VoxelFree/Content/Examples/Importers/Chair/VoxelExample_M_Chair_Emissive_Color.uasset" 125
"../../../Engine/Plugins/Marketplace/VoxelFree/Content/Examples/Importers/Chair/VoxelExample_M_Chair_Emissive_Color.uexp" 126
"../../../Engine/Plugins/Experimental/Water/Content/Waves/GerstnerWaves_Ocean.uasset" 127
"../../../Engine/Plugins/Experimental/Water/Content/Waves/GerstnerWaves_Ocean.uexp" 128
"../../../Engine/Plugins/Experimental/Water/Content/Waves/GerstnerWaves_Lake.uasset" 129
"../../../Engine/Plugins/Experimental/Water/Content/Waves/GerstnerWaves_Lake.uexp" 130
"../../../Engine/Plugins/Experimental/Water/Content/Meshes/RiverMesh.uasset" 131
"../../../Engine/Plugins/Experimental/Water/Content/Meshes/RiverMesh.uexp" 132
"../../../Engine/Plugins/Experimental/Water/Content/Meshes/LakeMesh.uasset" 133
"../../../Engine/Plugins/Experimental/Water/Content/Meshes/LakeMesh.uexp" 134
"../../../Engine/Plugins/Experimental/Water/Content/Materials/MPC/MPC_Water.uasset" 135
"../../../Engine/Plugins/Experimental/Water/Content/Materials/MPC/MPC_Water.uexp" 136
"../../../Engine/Plugins/Experimental/Water/Content/Icons/WaterZoneActorSprite.ubulk" 137
"../../../Engine/Plugins/Experimental/Water/Content/Icons/WaterZoneActorSprite.uasset" 138
"../../../Engine/Plugins/Experimental/Water/Content/Icons/WaterZoneActorSprite.uexp" 139
"../../../Engine/Plugins/Experimental/Water/Content/Icons/WaterSprite.uasset" 140
"../../../Engine/Plugins/Experimental/Water/Content/Icons/WaterSprite.uexp" 141
"../../../Engine/Plugins/Experimental/Water/Content/Icons/WaterLandscapeBrushSprite.ubulk" 142
"../../../Engine/Plugins/Experimental/Water/Content/Icons/WaterLandscapeBrushSprite.uasset" 143
"../../../Engine/Plugins/Experimental/Water/Content/Icons/WaterLandscapeBrushSprite.uexp" 144
"../../../Engine/Plugins/Experimental/Water/Content/Icons/WaterErrorSprite.ubulk" 145
"../../../Engine/Plugins/Experimental/Water/Content/Icons/WaterErrorSprite.uasset" 146
"../../../Engine/Plugins/Experimental/Water/Content/Icons/WaterErrorSprite.uexp" 147
"../../../Engine/Plugins/Experimental/Water/Content/Icons/WaterBodyRiverSprite.uasset" 148
"../../../Engine/Plugins/Experimental/Water/Content/Icons/WaterBodyRiverSprite.uexp" 149
"../../../Engine/Plugins/Experimental/Water/Content/Icons/WaterBodyOceanSprite.uasset" 150
"../../../Engine/Plugins/Experimental/Water/Content/Icons/WaterBodyOceanSprite.uexp" 151
"../../../Engine/Plugins/Experimental/Water/Content/Icons/WaterBodyLakeSprite.uasset" 152
"../../../Engine/Plugins/Experimental/Water/Content/Icons/WaterBodyLakeSprite.uexp" 153
"../../../Engine/Plugins/Experimental/Water/Content/Icons/WaterBodyIslandSprite.uasset" 154
"../../../Engine/Plugins/Experimental/Water/Content/Icons/WaterBodyIslandSprite.uexp" 155
"../../../Engine/Plugins/Experimental/Water/Content/Icons/WaterBodyExclusionVolumeSprite.uasset" 156
"../../../Engine/Plugins/Experimental/Water/Content/Icons/WaterBodyExclusionVolumeSprite.uexp" 157
"../../../Engine/Plugins/Experimental/Water/Content/Icons/WaterBodyCustomSprite.uasset" 158
"../../../Engine/Plugins/Experimental/Water/Content/Icons/WaterBodyCustomSprite.uexp" 159
"../../../Engine/Plugins/Experimental/Water/Content/Curves/FloatCurve_WaterBodyIsland.uasset" 160
"../../../Engine/Plugins/Experimental/Water/Content/Curves/FloatCurve_WaterBodyIsland.uexp" 161
"../../../Engine/Plugins/Experimental/Water/Content/Curves/FloatCurve.uasset" 162
"../../../Engine/Plugins/Experimental/Water/Content/Curves/FloatCurve.uexp" 163
"../../../Engine/Plugins/Experimental/Landmass/Content/Landscape/BlueprintBrushes/MPC/MPC_Landscape.uasset" 164
"../../../Engine/Plugins/Experimental/Landmass/Content/Landscape/BlueprintBrushes/MPC/MPC_Landscape.uexp" 165
"../../../Engine/Plugins/Editor/SpeedTreeImporter/Content/SpeedTree9/game_wind_noise.ubulk" 166
"../../../Engine/Plugins/Editor/SpeedTreeImporter/Content/SpeedTree9/game_wind_noise.uasset" 167
"../../../Engine/Plugins/Editor/SpeedTreeImporter/Content/SpeedTree9/game_wind_noise.uexp" 168
"../../../Engine/Plugins/Editor/SpeedTreeImporter/Content/SpeedTree9/UnpackDirection.uasset" 169
"../../../Engine/Plugins/Editor/SpeedTreeImporter/Content/SpeedTree9/UnpackDirection.uexp" 170
"../../../Engine/Content/Functions/Engine_MaterialFunctions02/ObjectLocalBounds.uasset" 171
"../../../Engine/Content/Functions/Engine_MaterialFunctions02/ObjectLocalBounds.uexp" 172
"../../../Engine/Content/Functions/Engine_MaterialFunctions02/UVs/BoundingBoxBased_0-1_UVW.uasset" 173
"../../../Engine/Content/Functions/Engine_MaterialFunctions02/UVs/BoundingBoxBased_0-1_UVW.uexp" 174
"../../../Engine/Plugins/Editor/SpeedTreeImporter/Content/SpeedTree9/UnpackInteger3.uasset" 175
"../../../Engine/Plugins/Editor/SpeedTreeImporter/Content/SpeedTree9/UnpackInteger3.uexp" 176
"../../../Engine/Plugins/Editor/SpeedTreeImporter/Content/SpeedTree9/SpeedTreeCameraFacing.uasset" 177
"../../../Engine/Plugins/Editor/SpeedTreeImporter/Content/SpeedTree9/SpeedTreeCameraFacing.uexp" 178
"../../../Engine/Content/Functions/Engine_MaterialFunctions02/SafeNormalize.uasset" 179
"../../../Engine/Content/Functions/Engine_MaterialFunctions02/SafeNormalize.uexp" 180
"../../../Engine/Plugins/Editor/SpeedTreeImporter/Content/SpeedTree9/SpeedTreeWindMotion.uasset" 181
"../../../Engine/Plugins/Editor/SpeedTreeImporter/Content/SpeedTree9/SpeedTreeWindMotion.uexp" 182
"../../../Engine/Plugins/Editor/SpeedTreeImporter/Content/SpeedTree9/SpeedTreeBranchMotion.uasset" 183
"../../../Engine/Plugins/Editor/SpeedTreeImporter/Content/SpeedTree9/SpeedTreeBranchMotion.uexp" 184
"../../../Engine/Plugins/Editor/SpeedTreeImporter/Content/SpeedTree9/SpeedTreeWind.uasset" 185
"../../../Engine/Plugins/Editor/SpeedTreeImporter/Content/SpeedTree9/SpeedTreeWind.uexp" 186
"../../../Engine/Plugins/Editor/SpeedTreeImporter/Content/SpeedTree9/EmptyNormal.uasset" 187
"../../../Engine/Plugins/Editor/SpeedTreeImporter/Content/SpeedTree9/EmptyNormal.uexp" 188
"../../../Engine/Plugins/Editor/SpeedTreeImporter/Content/SpeedTree9/Empty.uasset" 189
"../../../Engine/Plugins/Editor/SpeedTreeImporter/Content/SpeedTree9/Empty.uexp" 190
"../../../Engine/Plugins/Editor/SpeedTreeImporter/Content/SpeedTree9/SpeedTreeMaster.uasset" 191
"../../../Engine/Plugins/Editor/SpeedTreeImporter/Content/SpeedTree9/SpeedTreeMaster.uexp" 192
"../../../Engine/Plugins/Editor/SpeedTreeImporter/Content/SpeedTree9/SpeedTreeBillboard.uasset" 193
"../../../Engine/Plugins/Editor/SpeedTreeImporter/Content/SpeedTree9/SpeedTreeBillboard.uexp" 194
"../../../Engine/Plugins/Editor/SpeedTreeImporter/Content/SpeedTree9/SpeedTreeBillboardMaster.uasset" 195
"../../../Engine/Plugins/Editor/SpeedTreeImporter/Content/SpeedTree9/SpeedTreeBillboardMaster.uexp" 196
"../../../Engine/Content/Functions/Engine_MaterialFunctions02/WorldPositionOffset/CameraOffset.uasset" 197
"../../../Engine/Content/Functions/Engine_MaterialFunctions02/WorldPositionOffset/CameraOffset.uexp" 198
"../../../Engine/Plugins/Animation/ControlRig/Content/M_Manip.uasset" 199
"../../../Engine/Plugins/Animation/ControlRig/Content/M_Manip.uexp" 200
"../../../Engine/Plugins/Animation/ControlRig/Content/Controls/DefaultGizmoLibraryNormalized.uasset" 201
"../../../Engine/Plugins/Animation/ControlRig/Content/Controls/DefaultGizmoLibraryNormalized.uexp" 202
"../../../Engine/Plugins/Animation/ControlRig/Content/Controls/ControlRig_Wedge_solid.uasset" 203
"../../../Engine/Plugins/Animation/ControlRig/Content/Controls/ControlRig_Wedge_solid.uexp" 204
"../../../Engine/Plugins/Animation/ControlRig/Content/Controls/ControlRig_Wedge_3mm.uasset" 205
"../../../Engine/Plugins/Animation/ControlRig/Content/Controls/ControlRig_Wedge_3mm.uexp" 206
"../../../Engine/Plugins/Animation/ControlRig/Content/Controls/ControlRig_Wedge_1mm.uasset" 207
"../../../Engine/Plugins/Animation/ControlRig/Content/Controls/ControlRig_Wedge_1mm.uexp" 208
"../../../Engine/Plugins/Animation/ControlRig/Content/Controls/ControlRig_Triangle_solid.uasset" 209
"../../../Engine/Plugins/Animation/ControlRig/Content/Controls/ControlRig_Triangle_solid.uexp" 210
"../../../Engine/Plugins/Animation/ControlRig/Content/Controls/ControlRig_Triangle_3mm.uasset" 211
"../../../Engine/Plugins/Animation/ControlRig/Content/Controls/ControlRig_Triangle_3mm.uexp" 212
"../../../Engine/Plugins/Animation/ControlRig/Content/Controls/ControlRig_Triangle_1mm.uasset" 213
"../../../Engine/Plugins/Animation/ControlRig/Content/Controls/ControlRig_Triangle_1mm.uexp" 214
"../../../Engine/Plugins/Animation/ControlRig/Content/Controls/ControlRig_Star4_solid.uasset" 215
"../../../Engine/Plugins/Animation/ControlRig/Content/Controls/ControlRig_Star4_solid.uexp" 216
"../../../Engine/Plugins/Animation/ControlRig/Content/Controls/ControlRig_Star4_3mm.uasset" 217
"../../../Engine/Plugins/Animation/ControlRig/Content/Controls/ControlRig_Star4_3mm.uexp" 218
"../../../Engine/Plugins/Animation/ControlRig/Content/Controls/ControlRig_Star4_1mm.uasset" 219
"../../../Engine/Plugins/Animation/ControlRig/Content/Controls/ControlRig_Star4_1mm.uexp" 220
"../../../Engine/Plugins/Animation/ControlRig/Content/Controls/ControlRig_Square_solid.uasset" 221
"../../../Engine/Plugins/Animation/ControlRig/Content/Controls/ControlRig_Square_solid.uexp" 222
"../../../Engine/Plugins/Animation/ControlRig/Content/Controls/ControlRig_Square_3mm.uasset" 223
"../../../Engine/Plugins/Animation/ControlRig/Content/Controls/ControlRig_Square_3mm.uexp" 224
"../../../Engine/Plugins/Animation/ControlRig/Content/Controls/ControlRig_Square_1mm.uasset" 225
"../../../Engine/Plugins/Animation/ControlRig/Content/Controls/ControlRig_Square_1mm.uexp" 226
"../../../Engine/Plugins/Animation/ControlRig/Content/Controls/ControlRig_Sphere_solid.uasset" 227
"../../../Engine/Plugins/Animation/ControlRig/Content/Controls/ControlRig_Sphere_solid.uexp" 228
"../../../Engine/Plugins/Animation/ControlRig/Content/Controls/ControlRig_Sphere_3mm.uasset" 229
"../../../Engine/Plugins/Animation/ControlRig/Content/Controls/ControlRig_Sphere_3mm.uexp" 230
"../../../Engine/Plugins/Animation/ControlRig/Content/Controls/ControlRig_Sphere_1mm.uasset" 231
"../../../Engine/Plugins/Animation/ControlRig/Content/Controls/ControlRig_Sphere_1mm.uexp" 232
"../../../Engine/Plugins/Animation/ControlRig/Content/Controls/ControlRig_RoundedTriangle_solid.uasset" 233
"../../../Engine/Plugins/Animation/ControlRig/Content/Controls/ControlRig_RoundedTriangle_solid.uexp" 234
"../../../Engine/Plugins/Animation/ControlRig/Content/Controls/ControlRig_RoundedTriangle_3mm.uasset" 235
"../../../Engine/Plugins/Animation/ControlRig/Content/Controls/ControlRig_RoundedTriangle_3mm.uexp" 236
"../../../Engine/Plugins/Animation/ControlRig/Content/Controls/ControlRig_RoundedTriangle_1mm.uasset" 237
"../../../Engine/Plugins/Animation/ControlRig/Content/Controls/ControlRig_RoundedTriangle_1mm.uexp" 238
"../../../Engine/Plugins/Animation/ControlRig/Content/Controls/ControlRig_RoundedSquare_solid.uasset" 239
"../../../Engine/Plugins/Animation/ControlRig/Content/Controls/ControlRig_RoundedSquare_solid.uexp" 240
"../../../Engine/Plugins/Animation/ControlRig/Content/Controls/ControlRig_RoundedSquare_3mm.uasset" 241
"../../../Engine/Plugins/Animation/ControlRig/Content/Controls/ControlRig_RoundedSquare_3mm.uexp" 242
"../../../Engine/Plugins/Animation/ControlRig/Content/Controls/ControlRig_RoundedSquare_1mm.uasset" 243
"../../../Engine/Plugins/Animation/ControlRig/Content/Controls/ControlRig_RoundedSquare_1mm.uexp" 244
"../../../Engine/Plugins/Animation/ControlRig/Content/Controls/ControlRig_QuarterCircle_solid.uasset" 245
"../../../Engine/Plugins/Animation/ControlRig/Content/Controls/ControlRig_QuarterCircle_solid.uexp" 246
"../../../Engine/Plugins/Animation/ControlRig/Content/Controls/ControlRig_QuarterCircle_3mm.uasset" 247
"../../../Engine/Plugins/Animation/ControlRig/Content/Controls/ControlRig_QuarterCircle_3mm.uexp" 248
"../../../Engine/Plugins/Animation/ControlRig/Content/Controls/ControlRig_QuarterCircle_1mm.uasset" 249
"../../../Engine/Plugins/Animation/ControlRig/Content/Controls/ControlRig_QuarterCircle_1mm.uexp" 250
"../../../Engine/Plugins/Animation/ControlRig/Content/Controls/ControlRig_Pyramid_solid.uasset" 251
"../../../Engine/Plugins/Animation/ControlRig/Content/Controls/ControlRig_Pyramid_solid.uexp" 252
"../../../Engine/Plugins/Animation/ControlRig/Content/Controls/ControlRig_Pyramid_3mm.uasset" 253
"../../../Engine/Plugins/Animation/ControlRig/Content/Controls/ControlRig_Pyramid_3mm.uexp" 254
"../../../Engine/Plugins/Animation/ControlRig/Content/Controls/ControlRig_Pyramid_1mm.uasset" 255
"../../../Engine/Plugins/Animation/ControlRig/Content/Controls/ControlRig_Pyramid_1mm.uexp" 256
"../../../Engine/Plugins/Animation/ControlRig/Content/Controls/ControlRig_Octagon_solid.uasset" 257
"../../../Engine/Plugins/Animation/ControlRig/Content/Controls/ControlRig_Octagon_solid.uexp" 258
"../../../Engine/Plugins/Animation/ControlRig/Content/Controls/ControlRig_Octagon_3mm.uasset" 259
"../../../Engine/Plugins/Animation/ControlRig/Content/Controls/ControlRig_Octagon_3mm.uexp" 260
"../../../Engine/Plugins/Animation/ControlRig/Content/Controls/ControlRig_Octagon_1mm.uasset" 261
"../../../Engine/Plugins/Animation/ControlRig/Content/Controls/ControlRig_Octagon_1mm.uexp" 262
"../../../Engine/Plugins/Animation/ControlRig/Content/Controls/ControlRig_Hexagon_solid.uasset" 263
"../../../Engine/Plugins/Animation/ControlRig/Content/Controls/ControlRig_Hexagon_solid.uexp" 264
"../../../Engine/Plugins/Animation/ControlRig/Content/Controls/ControlRig_Hexagon_3mm.uasset" 265
"../../../Engine/Plugins/Animation/ControlRig/Content/Controls/ControlRig_Hexagon_3mm.uexp" 266
"../../../Engine/Plugins/Animation/ControlRig/Content/Controls/ControlRig_Hexagon_1mm.uasset" 267
"../../../Engine/Plugins/Animation/ControlRig/Content/Controls/ControlRig_Hexagon_1mm.uexp" 268
"../../../Engine/Plugins/Animation/ControlRig/Content/Controls/ControlRig_HalfCircle_solid.uasset" 269
"../../../Engine/Plugins/Animation/ControlRig/Content/Controls/ControlRig_HalfCircle_solid.uexp" 270
"../../../Engine/Plugins/Animation/ControlRig/Content/Controls/ControlRig_HalfCircle_3mm.uasset" 271
"../../../Engine/Plugins/Animation/ControlRig/Content/Controls/ControlRig_HalfCircle_3mm.uexp" 272
"../../../Engine/Plugins/Animation/ControlRig/Content/Controls/ControlRig_HalfCircle_1mm.uasset" 273
"../../../Engine/Plugins/Animation/ControlRig/Content/Controls/ControlRig_HalfCircle_1mm.uexp" 274
"../../../Engine/Plugins/Animation/ControlRig/Content/Controls/ControlRig_Diamond_solid.uasset" 275
"../../../Engine/Plugins/Animation/ControlRig/Content/Controls/ControlRig_Diamond_solid.uexp" 276
"../../../Engine/Plugins/Animation/ControlRig/Content/Controls/ControlRig_Diamond_3mm.uasset" 277
"../../../Engine/Plugins/Animation/ControlRig/Content/Controls/ControlRig_Diamond_3mm.uexp" 278
"../../../Engine/Plugins/Animation/ControlRig/Content/Controls/ControlRig_Diamond_1mm.uasset" 279
"../../../Engine/Plugins/Animation/ControlRig/Content/Controls/ControlRig_Diamond_1mm.uexp" 280
"../../../Engine/Plugins/Animation/ControlRig/Content/Controls/ControlRig_Circle_solid.uasset" 281
"../../../Engine/Plugins/Animation/ControlRig/Content/Controls/ControlRig_Circle_solid.uexp" 282
"../../../Engine/Plugins/Animation/ControlRig/Content/Controls/ControlRig_Circle_3mm.uasset" 283
"../../../Engine/Plugins/Animation/ControlRig/Content/Controls/ControlRig_Circle_3mm.uexp" 284
"../../../Engine/Plugins/Animation/ControlRig/Content/Controls/ControlRig_Circle_1mm.uasset" 285
"../../../Engine/Plugins/Animation/ControlRig/Content/Controls/ControlRig_Circle_1mm.uexp" 286
"../../../Engine/Plugins/Animation/ControlRig/Content/Controls/ControlRig_Box_solid.uasset" 287
"../../../Engine/Plugins/Animation/ControlRig/Content/Controls/ControlRig_Box_solid.uexp" 288
"../../../Engine/Plugins/Animation/ControlRig/Content/Controls/ControlRig_Box_3mm.uasset" 289
"../../../Engine/Plugins/Animation/ControlRig/Content/Controls/ControlRig_Box_3mm.uexp" 290
"../../../Engine/Plugins/Animation/ControlRig/Content/Controls/ControlRig_Box_1mm.uasset" 291
"../../../Engine/Plugins/Animation/ControlRig/Content/Controls/ControlRig_Box_1mm.uexp" 292
"../../../Engine/Plugins/Animation/ControlRig/Content/Controls/ControlRig_Arrow_solid.uasset" 293
"../../../Engine/Plugins/Animation/ControlRig/Content/Controls/ControlRig_Arrow_solid.uexp" 294
"../../../Engine/Plugins/Animation/ControlRig/Content/Controls/ControlRig_Arrow_3mm.uasset" 295
"../../../Engine/Plugins/Animation/ControlRig/Content/Controls/ControlRig_Arrow_3mm.uexp" 296
"../../../Engine/Plugins/Animation/ControlRig/Content/Controls/ControlRig_Arrow_1mm.uasset" 297
"../../../Engine/Plugins/Animation/ControlRig/Content/Controls/ControlRig_Arrow_1mm.uexp" 298
"../../../Engine/Plugins/Animation/ControlRig/Content/Controls/ControlRig_Arrow4_solid.uasset" 299
"../../../Engine/Plugins/Animation/ControlRig/Content/Controls/ControlRig_Arrow4_solid.uexp" 300
"../../../Engine/Plugins/Animation/ControlRig/Content/Controls/ControlRig_Arrow4_3mm.uasset" 301
"../../../Engine/Plugins/Animation/ControlRig/Content/Controls/ControlRig_Arrow4_3mm.uexp" 302
"../../../Engine/Plugins/Animation/ControlRig/Content/Controls/ControlRig_Arrow4_1mm.uasset" 303
"../../../Engine/Plugins/Animation/ControlRig/Content/Controls/ControlRig_Arrow4_1mm.uexp" 304
"../../../Engine/Plugins/Animation/ControlRig/Content/Controls/ControlRig_Arrow2_solid.uasset" 305
"../../../Engine/Plugins/Animation/ControlRig/Content/Controls/ControlRig_Arrow2_solid.uexp" 306
"../../../Engine/Plugins/Animation/ControlRig/Content/Controls/ControlRig_Arrow2_3mm.uasset" 307
"../../../Engine/Plugins/Animation/ControlRig/Content/Controls/ControlRig_Arrow2_3mm.uexp" 308
"../../../Engine/Plugins/Animation/ControlRig/Content/Controls/ControlRig_Arrow2_1mm.uasset" 309
"../../../Engine/Plugins/Animation/ControlRig/Content/Controls/ControlRig_Arrow2_1mm.uexp" 310
"../../../Engine/Plugins/Animation/ControlRig/Content/Controls/ControlRigGizmoMaterial.uasset" 311
"../../../Engine/Plugins/Animation/ControlRig/Content/Controls/ControlRigGizmoMaterial.uexp" 312
"../../../Engine/Plugins/2D/Paper2D/Content/PlaceholderTextures/DummySpriteTexture.ubulk" 313
"../../../Engine/Plugins/2D/Paper2D/Content/PlaceholderTextures/DummySpriteTexture.uasset" 314
"../../../Engine/Plugins/2D/Paper2D/Content/PlaceholderTextures/DummySpriteTexture.uexp" 315
"../../../Engine/Plugins/2D/Paper2D/Content/DefaultSpriteMaterial.uasset" 316
"../../../Engine/Plugins/2D/Paper2D/Content/DefaultSpriteMaterial.uexp" 317
"../../../Engine/Plugins/2D/Paper2D/Content/OpaqueUnlitSpriteMaterial.uasset" 318
"../../../Engine/Plugins/2D/Paper2D/Content/OpaqueUnlitSpriteMaterial.uexp" 319
"../../../Engine/Plugins/2D/Paper2D/Content/MaskedUnlitSpriteMaterial.uasset" 320
"../../../Engine/Plugins/2D/Paper2D/Content/MaskedUnlitSpriteMaterial.uexp" 321
"../../../Engine/Plugins/2D/Paper2D/Content/DummySprite.uasset" 322
"../../../Engine/Plugins/2D/Paper2D/Content/DummySprite.uexp" 323
"../../../Engine/Plugins/2D/Paper2D/Content/DefaultPaperTerrainMaterial.uasset" 324
"../../../Engine/Plugins/2D/Paper2D/Content/DefaultPaperTerrainMaterial.uexp" 325
"../../../Engine/Content/VREditor/TransformGizmo/Main.uasset" 326
"../../../Engine/Content/VREditor/TransformGizmo/Main.uexp" 327
"../../../Engine/Content/VREditor/TransformGizmo/Xray.uasset" 328
"../../../Engine/Content/VREditor/TransformGizmo/Xray.uexp" 329
"../../../Engine/Content/VREditor/TransformGizmo/SM_Sequencer_Node.uasset" 330
"../../../Engine/Content/VREditor/TransformGizmo/SM_Sequencer_Node.uexp" 331
"../../../Engine/Content/VREditor/LaserPointer/VR_LaserPower_01.ubulk" 332
"../../../Engine/Content/VREditor/LaserPointer/VR_LaserPower_01.uasset" 333
"../../../Engine/Content/VREditor/LaserPointer/VR_LaserPower_01.uexp" 334
"../../../Engine/Content/VREditor/TransformGizmo/TransformGizmoMaterial.uasset" 335
"../../../Engine/Content/VREditor/TransformGizmo/TransformGizmoMaterial.uexp" 336
"../../../Engine/Content/VREditor/TransformGizmo/TranslucentTransformGizmoMaterial.uasset" 337
"../../../Engine/Content/VREditor/TransformGizmo/TranslucentTransformGizmoMaterial.uexp" 338
"../../../Engine/Content/VREditor/TransformGizmo/PlaneTranslationHandle.uasset" 339
"../../../Engine/Content/VREditor/TransformGizmo/PlaneTranslationHandle.uexp" 340
"../../../Engine/Content/VREditor/TransformGizmo/BoundingBoxEdge.uasset" 341
"../../../Engine/Content/VREditor/TransformGizmo/BoundingBoxEdge.uexp" 342
"../../../Engine/Content/VREditor/TransformGizmo/BoundingBoxCorner.uasset" 343
"../../../Engine/Content/VREditor/TransformGizmo/BoundingBoxCorner.uexp" 344
"../../../Engine/Content/Tutorial/ContentIntroCurve.uasset" 345
"../../../Engine/Content/Tutorial/ContentIntroCurve.uexp" 346
"../../../Engine/Content/Functions/Engine_MaterialFunctions01/Shading/PowerToRoughness.uasset" 347
"../../../Engine/Content/Functions/Engine_MaterialFunctions01/Shading/PowerToRoughness.uexp" 348
"../../../Engine/Content/Functions/Engine_MaterialFunctions01/Shading/ConvertFromDiffSpec.uasset" 349
"../../../Engine/Content/Functions/Engine_MaterialFunctions01/Shading/ConvertFromDiffSpec.uexp" 350
"../../../Engine/Content/EngineSounds/Master.uasset" 351
"../../../Engine/Content/EngineSounds/Master.uexp" 352
"../../../Engine/Content/EngineSky/VolumetricClouds/CloudWeatherTexture.uasset" 353
"../../../Engine/Content/EngineSky/VolumetricClouds/CloudWeatherTexture.uexp" 354
"../../../Engine/Content/EngineSky/VolumetricClouds/CloudGradientTexture.uasset" 355
"../../../Engine/Content/EngineSky/VolumetricClouds/CloudGradientTexture.uexp" 356
"../../../Engine/Content/EngineSky/VolumetricClouds/T_NoiseShape64.ubulk" 357
"../../../Engine/Content/EngineSky/VolumetricClouds/T_NoiseShape64.uasset" 358
"../../../Engine/Content/EngineSky/VolumetricClouds/T_NoiseShape64.uexp" 359
"../../../Engine/Content/EngineSky/VolumetricClouds/T_VolumeNoiseShape64.uasset" 360
"../../../Engine/Content/EngineSky/VolumetricClouds/T_VolumeNoiseShape64.uexp" 361
"../../../Engine/Content/EngineSky/VolumetricClouds/T_NoiseErosion.ubulk" 362
"../../../Engine/Content/EngineSky/VolumetricClouds/T_NoiseErosion.uasset" 363
"../../../Engine/Content/EngineSky/VolumetricClouds/T_NoiseErosion.uexp" 364
"../../../Engine/Content/EngineSky/VolumetricClouds/T_VolumeNoiseErosion32.uasset" 365
"../../../Engine/Content/EngineSky/VolumetricClouds/T_VolumeNoiseErosion32.uexp" 366
"../../../Engine/Content/EngineSky/VolumetricClouds/m_SimpleVolumetricCloud.uasset" 367
"../../../Engine/Content/EngineSky/VolumetricClouds/m_SimpleVolumetricCloud.uexp" 368
"../../../Engine/Content/EngineSky/VolumetricClouds/m_SimpleVolumetricCloud_Inst.uasset" 369
"../../../Engine/Content/EngineSky/VolumetricClouds/m_SimpleVolumetricCloud_Inst.uexp" 370
"../../../Engine/Content/EngineResources/GradientTexture0.uasset" 371
"../../../Engine/Content/EngineResources/GradientTexture0.uexp" 372
"../../../Engine/Content/EngineResources/DefaultVolumeTexture2D.uasset" 373
"../../../Engine/Content/EngineResources/DefaultVolumeTexture2D.uexp" 374
"../../../Engine/Content/EngineResources/DefaultVolumeTexture.uasset" 375
"../../../Engine/Content/EngineResources/DefaultVolumeTexture.uexp" 376
"../../../Engine/Content/EngineResources/DefaultTextureCube.uasset" 377
"../../../Engine/Content/EngineResources/DefaultTextureCube.uexp" 378
"../../../Engine/Content/EngineResources/DefaultTexture.ubulk" 379
"../../../Engine/Content/EngineResources/DefaultTexture.uasset" 380
"../../../Engine/Content/EngineResources/DefaultTexture.uexp" 381
"../../../Engine/Content/EngineResources/Black.uasset" 382
"../../../Engine/Content/EngineResources/Black.uexp" 383
"../../../Engine/Content/EngineResources/FilmGrains/Marcie_Grain_v3_128_M2_000.uasset" 384
"../../../Engine/Content/EngineResources/FilmGrains/Marcie_Grain_v3_128_M2_000.uexp" 385
"../../../Engine/Content/EngineMeshes/Sphere.uasset" 386
"../../../Engine/Content/EngineMeshes/Sphere.uexp" 387
"../../../Engine/Content/EngineResources/WhiteSquareTexture.uasset" 388
"../../../Engine/Content/EngineResources/WhiteSquareTexture.uexp" 389
"../../../Engine/Content/EngineMaterials/Widget3DPassThrough.uasset" 390
"../../../Engine/Content/EngineMaterials/Widget3DPassThrough.uexp" 391
"../../../Engine/Content/EngineMaterials/Widget3DPassThrough_Translucent.uasset" 392
"../../../Engine/Content/EngineMaterials/Widget3DPassThrough_Translucent.uexp" 393
"../../../Engine/Content/EngineMaterials/Widget3DPassThrough_Translucent_OneSided.uasset" 394
"../../../Engine/Content/EngineMaterials/Widget3DPassThrough_Translucent_OneSided.uexp" 395
"../../../Engine/Content/EngineMaterials/Widget3DPassThrough_Opaque.uasset" 396
"../../../Engine/Content/EngineMaterials/Widget3DPassThrough_Opaque.uexp" 397
"../../../Engine/Content/EngineMaterials/Widget3DPassThrough_Opaque_OneSided.uasset" 398
"../../../Engine/Content/EngineMaterials/Widget3DPassThrough_Opaque_OneSided.uexp" 399
"../../../Engine/Content/EngineMaterials/Widget3DPassThrough_Masked_OneSided.uasset" 400
"../../../Engine/Content/EngineMaterials/Widget3DPassThrough_Masked_OneSided.uexp" 401
"../../../Engine/Content/EngineMaterials/Widget3DPassThrough_Masked.uasset" 402
"../../../Engine/Content/EngineMaterials/Widget3DPassThrough_Masked.uexp" 403
"../../../Engine/Content/EngineMaterials/WeightMapPlaceholderTexture.uasset" 404
"../../../Engine/Content/EngineMaterials/WeightMapPlaceholderTexture.uexp" 405
"../../../Engine/Content/EngineMaterials/RemoveSurfaceMaterial.uasset" 406
"../../../Engine/Content/EngineMaterials/RemoveSurfaceMaterial.uexp" 407
"../../../Engine/Content/EngineMaterials/PreintegratedSkinBRDF.uasset" 408
"../../../Engine/Content/EngineMaterials/PreintegratedSkinBRDF.uexp" 409
"../../../Engine/Content/EngineMaterials/DefaultCalibrationGrayscale.uasset" 410
"../../../Engine/Content/EngineMaterials/DefaultCalibrationGrayscale.uexp" 411
"../../../Engine/Content/EngineMaterials/PPM_DefaultCalibrationGrayscale.uasset" 412
"../../../Engine/Content/EngineMaterials/PPM_DefaultCalibrationGrayscale.uexp" 413
"../../../Engine/Content/EngineMaterials/DefaultCalibrationColor.uasset" 414
"../../../Engine/Content/EngineMaterials/DefaultCalibrationColor.uexp" 415
"../../../Engine/Content/EngineMaterials/PPM_DefaultCalibrationColor.uasset" 416
"../../../Engine/Content/EngineMaterials/PPM_DefaultCalibrationColor.uexp" 417
"../../../Engine/Content/EngineMaterials/PhAT_JointLimitMaterial.uasset" 418
"../../../Engine/Content/EngineMaterials/PhAT_JointLimitMaterial.uexp" 419
"../../../Engine/Content/EngineMaterials/InvalidLightmapSettings.ubulk" 420
"../../../Engine/Content/EngineMaterials/InvalidLightmapSettings.uasset" 421
"../../../Engine/Content/EngineMaterials/InvalidLightmapSettings.uexp" 422
"../../../Engine/Content/EngineMaterials/M_InvalidLightmapSettings.uasset" 423
"../../../Engine/Content/EngineMaterials/M_InvalidLightmapSettings.uexp" 424
"../../../Engine/Content/EngineMaterials/MiniFont.uasset" 425
"../../../Engine/Content/EngineMaterials/MiniFont.uexp" 426
"../../../Engine/Content/EngineMaterials/GizmoMaterial.uasset" 427
"../../../Engine/Content/EngineMaterials/GizmoMaterial.uexp" 428
"../../../Engine/Content/EngineMaterials/BaseFlattenEmissiveMap_VT.uasset" 429
"../../../Engine/Content/EngineMaterials/BaseFlattenEmissiveMap_VT.uexp" 430
"../../../Engine/Content/EngineMaterials/BaseFlattenGrayscaleMap_VT.uasset" 431
"../../../Engine/Content/EngineMaterials/BaseFlattenGrayscaleMap_VT.uexp" 432
"../../../Engine/Content/EngineMaterials/BaseFlattenLinearColor_VT.uasset" 433
"../../../Engine/Content/EngineMaterials/BaseFlattenLinearColor_VT.uexp" 434
"../../../Engine/Content/EngineMaterials/Black_1x1_EXR_Texture_VT.uasset" 435
"../../../Engine/Content/EngineMaterials/Black_1x1_EXR_Texture_VT.uexp" 436
"../../../Engine/Content/EngineMaterials/BaseFlattenDiffuseMap_VT.uasset" 437
"../../../Engine/Content/EngineMaterials/BaseFlattenDiffuseMap_VT.uexp" 438
"../../../Engine/Content/EngineMaterials/BaseFlattenNormalMap_VT.uasset" 439
"../../../Engine/Content/EngineMaterials/BaseFlattenNormalMap_VT.uexp" 440
"../../../Engine/Content/EngineMaterials/FlattenMaterial_WS_Normal_VT.uasset" 441
"../../../Engine/Content/EngineMaterials/FlattenMaterial_WS_Normal_VT.uexp" 442
"../../../Engine/Content/EngineMaterials/FlattenMaterial_VT.uasset" 443
"../../../Engine/Content/EngineMaterials/FlattenMaterial_VT.uexp" 444
"../../../Engine/Content/EngineMaterials/BaseFlattenNormalMap.uasset" 445
"../../../Engine/Content/EngineMaterials/BaseFlattenNormalMap.uexp" 446
"../../../Engine/Content/EngineMaterials/BaseFlattenGrayscaleMap.uasset" 447
"../../../Engine/Content/EngineMaterials/BaseFlattenGrayscaleMap.uexp" 448
"../../../Engine/Content/EngineMaterials/BaseFlattenDiffuseMap.uasset" 449
"../../../Engine/Content/EngineMaterials/BaseFlattenDiffuseMap.uexp" 450
"../../../Engine/Content/Functions/Engine_MaterialFunctions02/PivotPainter2/Black_1x1_EXR_Texture.uasset" 451
"../../../Engine/Content/Functions/Engine_MaterialFunctions02/PivotPainter2/Black_1x1_EXR_Texture.uexp" 452
"../../../Engine/Content/EngineMaterials/BaseFlattenEmissiveMap.uasset" 453
"../../../Engine/Content/EngineMaterials/BaseFlattenEmissiveMap.uexp" 454
"../../../Engine/Content/EngineMaterials/BaseFlattenLinearColor.uasset" 455
"../../../Engine/Content/EngineMaterials/BaseFlattenLinearColor.uexp" 456
"../../../Engine/Content/EngineMaterials/FlattenMaterial.uasset" 457
"../../../Engine/Content/EngineMaterials/FlattenMaterial.uexp" 458
"../../../Engine/Content/EngineMaterials/DefaultWhiteGrid_Low.uasset" 459
"../../../Engine/Content/EngineMaterials/DefaultWhiteGrid_Low.uexp" 460
"../../../Engine/Content/EngineMaterials/EmissiveMeshMaterial.uasset" 461
"../../../Engine/Content/EngineMaterials/EmissiveMeshMaterial.uexp" 462
"../../../Engine/Content/EngineMaterials/DefaultWhiteGrid.ubulk" 463
"../../../Engine/Content/EngineMaterials/DefaultWhiteGrid.uasset" 464
"../../../Engine/Content/EngineMaterials/DefaultWhiteGrid.uexp" 465
"../../../Engine/Content/EngineFonts/RobotoDistanceField.uasset" 466
"../../../Engine/Content/EngineFonts/RobotoDistanceField.uexp" 467
"../../../Engine/Content/EngineMaterials/DefaultTextMaterialOpaque.uasset" 468
"../../../Engine/Content/EngineMaterials/DefaultTextMaterialOpaque.uexp" 469
"../../../Engine/Content/EngineMaterials/DefaultDiffuse.ubulk" 470
"../../../Engine/Content/EngineMaterials/DefaultDiffuse.uasset" 471
"../../../Engine/Content/EngineMaterials/DefaultDiffuse.uexp" 472
"../../../Engine/Content/EngineMaterials/DefaultPostProcessMaterial.uasset" 473
"../../../Engine/Content/EngineMaterials/DefaultPostProcessMaterial.uexp" 474
"../../../Engine/Content/EngineMaterials/DefaultPhysicalMaterial.uasset" 475
"../../../Engine/Content/EngineMaterials/DefaultPhysicalMaterial.uexp" 476
"../../../Engine/Content/EngineMaterials/DefaultLightFunctionMaterial.uasset" 477
"../../../Engine/Content/EngineMaterials/DefaultLightFunctionMaterial.uexp" 478
"../../../Engine/Content/EngineMaterials/DefaultDestructiblePhysicalMaterial.uasset" 479
"../../../Engine/Content/EngineMaterials/DefaultDestructiblePhysicalMaterial.uexp" 480
"../../../Engine/Content/EngineMaterials/DefaultDeferredDecalMaterial.uasset" 481
"../../../Engine/Content/EngineMaterials/DefaultDeferredDecalMaterial.uexp" 482
"../../../Engine/Content/EngineMaterials/DefaultBokeh.uasset" 483
"../../../Engine/Content/EngineMaterials/DefaultBokeh.uexp" 484
"../../../Engine/Content/EngineMaterials/DefaultBloomKernel.uasset" 485
"../../../Engine/Content/EngineMaterials/DefaultBloomKernel.uexp" 486
"../../../Engine/Content/EngineMaterials/BlueNoise.uasset" 487
"../../../Engine/Content/EngineMaterials/BlueNoise.uexp" 488
"../../../Engine/Content/EngineFonts/Faces/RobotoLight.uexp" 489
"../../../Engine/Content/EngineFonts/Faces/RobotoLight.uasset" 490
"../../../Engine/Content/EngineFonts/Faces/RobotoLight.ufont" 491
"../../../Engine/Content/EngineFonts/Faces/RobotoBold.uexp" 492
"../../../Engine/Content/EngineFonts/Faces/RobotoBold.uasset" 493
"../../../Engine/Content/EngineFonts/Faces/RobotoBold.ufont" 494
"../../../Engine/Content/EngineFonts/Faces/RobotoRegular.uexp" 495
"../../../Engine/Content/EngineFonts/Faces/RobotoRegular.uasset" 496
"../../../Engine/Content/EngineFonts/Faces/RobotoRegular.ufont" 497
"../../../Engine/Content/EngineFonts/Faces/DroidSansFallback.uexp" 498
"../../../Engine/Content/EngineFonts/Faces/DroidSansFallback.uasset" 499
"../../../Engine/Content/EngineFonts/Faces/DroidSansFallback.ufont" 500
"../../../Engine/Content/EngineFonts/Faces/RobotoItalic.uexp" 501
"../../../Engine/Content/EngineFonts/Faces/RobotoItalic.uasset" 502
"../../../Engine/Content/EngineFonts/Faces/RobotoItalic.ufont" 503
"../../../Engine/Content/EngineFonts/Faces/RobotoBoldItalic.uexp" 504
"../../../Engine/Content/EngineFonts/Faces/RobotoBoldItalic.uasset" 505
"../../../Engine/Content/EngineFonts/Faces/RobotoBoldItalic.ufont" 506
"../../../Engine/Content/EngineFonts/Roboto.uasset" 507
"../../../Engine/Content/EngineFonts/Roboto.uexp" 508
"../../../Engine/Content/Functions/Engine_MaterialFunctions02/Utility/CameraDirectionVector.uasset" 509
"../../../Engine/Content/Functions/Engine_MaterialFunctions02/Utility/CameraDirectionVector.uexp" 510
"../../../Engine/Content/EngineDebugMaterials/VolumeToRender.uasset" 511
"../../../Engine/Content/EngineDebugMaterials/VolumeToRender.uexp" 512
"../../../Engine/Content/EngineDebugMaterials/M_VolumeRenderSphereTracePP.uasset" 513
"../../../Engine/Content/EngineDebugMaterials/M_VolumeRenderSphereTracePP.uexp" 514
"../../../Engine/Content/EngineDebugMaterials/M_SimpleUnlitTranslucent.uasset" 515
"../../../Engine/Content/EngineDebugMaterials/M_SimpleUnlitTranslucent.uexp" 516
"../../../Engine/Content/EngineDebugMaterials/DebugMeshMaterial.uasset" 517
"../../../Engine/Content/EngineDebugMaterials/DebugMeshMaterial.uexp" 518
"../../../Engine/Content/EngineDebugMaterials/DebugEditorMaterial.uasset" 519
"../../../Engine/Content/EngineDebugMaterials/DebugEditorMaterial.uexp" 520
"../../../Engine/Content/EngineDamageTypes/DmgTypeBP_Environmental.uasset" 521
"../../../Engine/Content/EngineDamageTypes/DmgTypeBP_Environmental.uexp" 522
"C:/Users/mag11/Documents/Unreal Projects/Fanmade_VivaPinata/Content/Graphics/UI/NullGameMode.uasset" 523
"C:/Users/mag11/Documents/Unreal Projects/Fanmade_VivaPinata/Content/Graphics/UI/NullGameMode.uexp" 524
"../../../Engine/Content/EditorResources/S_TriggerSphere.uasset" 525
"../../../Engine/Content/EditorResources/S_TriggerSphere.uexp" 526
"../../../Engine/Content/EditorResources/S_TriggerCapsule.uasset" 527
"../../../Engine/Content/EditorResources/S_TriggerCapsule.uexp" 528
"../../../Engine/Content/EditorResources/S_TriggerBox.uasset" 529
"../../../Engine/Content/EditorResources/S_TriggerBox.uexp" 530
"../../../Engine/Content/EditorResources/S_Trigger.ubulk" 531
"../../../Engine/Content/EditorResources/S_Trigger.uasset" 532
"../../../Engine/Content/EditorResources/S_Trigger.uexp" 533
"../../../Engine/Content/EditorResources/S_Terrain.ubulk" 534
"../../../Engine/Content/EditorResources/S_Terrain.uasset" 535
"../../../Engine/Content/EditorResources/S_Terrain.uexp" 536
"../../../Engine/Content/EditorResources/S_Solver.ubulk" 537
"../../../Engine/Content/EditorResources/S_Solver.uasset" 538
"../../../Engine/Content/EditorResources/S_Solver.uexp" 539
"../../../Engine/Content/EditorResources/S_BoxReflectionCapture.uasset" 540
"../../../Engine/Content/EditorResources/S_BoxReflectionCapture.uexp" 541
"../../../Engine/Content/EditorResources/S_Actor.ubulk" 542
"../../../Engine/Content/EditorResources/S_Actor.uasset" 543
"../../../Engine/Content/EditorResources/S_Actor.uexp" 544
"../../../Engine/Content/EditorResources/EmptyActor.uasset" 545
"../../../Engine/Content/EditorResources/EmptyActor.uexp" 546
"../../../Engine/Content/EditorResources/BSPVertex.uasset" 547
"../../../Engine/Content/EditorResources/BSPVertex.uexp" 548
"../../../Engine/Content/EditorResources/SequenceRecorder/RecordingIndicator.uasset" 549
"../../../Engine/Content/EditorResources/SequenceRecorder/RecordingIndicator.uexp" 550
"../../../Engine/Content/EditorResources/SequenceRecorder/Countdown.uasset" 551
"../../../Engine/Content/EditorResources/SequenceRecorder/Countdown.uexp" 552
"../../../Engine/Content/EditorMaterials/Camera/CineMat.uasset" 553
"../../../Engine/Content/EditorMaterials/Camera/CineMat.uexp" 554
"../../../Engine/Content/EditorMaterials/Camera/MI_CineMat_Rig.uasset" 555
"../../../Engine/Content/EditorMaterials/Camera/MI_CineMat_Rig.uexp" 556
"../../../Engine/Content/EditorMeshes/Camera/SM_RailRig_Track.uasset" 557
"../../../Engine/Content/EditorMeshes/Camera/SM_RailRig_Track.uexp" 558
"../../../Engine/Content/EditorMeshes/Camera/SM_RailRig_Mount.uasset" 559
"../../../Engine/Content/EditorMeshes/Camera/SM_RailRig_Mount.uexp" 560
"../../../Engine/Content/EditorMeshes/Camera/SM_CraneRig_Mount.uasset" 561
"../../../Engine/Content/EditorMeshes/Camera/SM_CraneRig_Mount.uexp" 562
"../../../Engine/Content/EditorMeshes/Camera/SM_CraneRig_Body.uasset" 563
"../../../Engine/Content/EditorMeshes/Camera/SM_CraneRig_Body.uexp" 564
"../../../Engine/Content/EditorMeshes/Camera/SM_CraneRig_Base.uasset" 565
"../../../Engine/Content/EditorMeshes/Camera/SM_CraneRig_Base.uexp" 566
"../../../Engine/Content/EditorMeshes/Camera/SM_CraneRig_Arm.uasset" 567
"../../../Engine/Content/EditorMeshes/Camera/SM_CraneRig_Arm.uexp" 568
"../../../Engine/Content/EditorMaterials/PreviewShadowIndicator.ubulk" 569
"../../../Engine/Content/EditorMaterials/PreviewShadowIndicator.uasset" 570
"../../../Engine/Content/EditorMaterials/PreviewShadowIndicator.uexp" 571
"../../../Engine/Content/EditorMaterials/PreviewShadowIndicatorMaterial.uasset" 572
"../../../Engine/Content/EditorMaterials/PreviewShadowIndicatorMaterial.uexp" 573
"../../../Engine/Content/EditorMaterials/MAT_Groups_Visibility.uasset" 574
"../../../Engine/Content/EditorMaterials/MAT_Groups_Visibility.uexp" 575
"../../../Engine/Content/EditorMaterials/MAT_Groups_Toggle.uasset" 576
"../../../Engine/Content/EditorMaterials/MAT_Groups_Toggle.uexp" 577
"../../../Engine/Content/EditorMaterials/WorldPartition/WorldPartitionSpatialHashGridPreviewMaterial.uasset" 578
"../../../Engine/Content/EditorMaterials/WorldPartition/WorldPartitionSpatialHashGridPreviewMaterial.uexp" 579
"../../../Engine/Content/EditorMaterials/ParticleSystems/PSysThumbnail_OOD.ubulk" 580
"../../../Engine/Content/EditorMaterials/ParticleSystems/PSysThumbnail_OOD.uasset" 581
"../../../Engine/Content/EditorMaterials/ParticleSystems/PSysThumbnail_OOD.uexp" 582
"../../../Engine/Content/EditorMaterials/ParticleSystems/PSysThumbnail_NoImage.ubulk" 583
"../../../Engine/Content/EditorMaterials/ParticleSystems/PSysThumbnail_NoImage.uasset" 584
"../../../Engine/Content/EditorMaterials/ParticleSystems/PSysThumbnail_NoImage.uexp" 585
"../../../Engine/Content/EditorMaterials/MatineeGroups/MAT_Groups_Vector.uasset" 586
"../../../Engine/Content/EditorMaterials/MatineeGroups/MAT_Groups_Vector.uexp" 587
"../../../Engine/Content/EditorMaterials/MatineeGroups/MAT_Groups_Sound.uasset" 588
"../../../Engine/Content/EditorMaterials/MatineeGroups/MAT_Groups_Sound.uexp" 589
"../../../Engine/Content/EditorMaterials/MatineeGroups/MAT_Groups_Slomo.uasset" 590
"../../../Engine/Content/EditorMaterials/MatineeGroups/MAT_Groups_Slomo.uexp" 591
"../../../Engine/Content/EditorMaterials/MatineeGroups/MAT_Groups_Move.uasset" 592
"../../../Engine/Content/EditorMaterials/MatineeGroups/MAT_Groups_Move.uexp" 593
"../../../Engine/Content/EditorMaterials/MatineeGroups/MAT_Groups_Float.uasset" 594
"../../../Engine/Content/EditorMaterials/MatineeGroups/MAT_Groups_Float.uexp" 595
"../../../Engine/Content/EditorMaterials/MatineeGroups/MAT_Groups_Fade.uasset" 596
"../../../Engine/Content/EditorMaterials/MatineeGroups/MAT_Groups_Fade.uexp" 597
"../../../Engine/Content/EditorMaterials/MatineeGroups/MAT_Groups_Event.uasset" 598
"../../../Engine/Content/EditorMaterials/MatineeGroups/MAT_Groups_Event.uexp" 599
"../../../Engine/Content/EditorMaterials/MatineeGroups/MAT_Groups_Director.uasset" 600
"../../../Engine/Content/EditorMaterials/MatineeGroups/MAT_Groups_Director.uexp" 601
"../../../Engine/Content/EditorMaterials/MatineeGroups/MAT_Groups_AudioMaster.uasset" 602
"../../../Engine/Content/EditorMaterials/MatineeGroups/MAT_Groups_AudioMaster.uexp" 603
"../../../Engine/Content/EditorMaterials/MatineeGroups/MAT_Groups_Anim.uasset" 604
"../../../Engine/Content/EditorMaterials/MatineeGroups/MAT_Groups_Anim.uexp" 605
"../../../Engine/Content/EditorMaterials/MatineeGroups/MAT_ColorTrack.uasset" 606
"../../../Engine/Content/EditorMaterials/MatineeGroups/MAT_ColorTrack.uexp" 607
"../../../Engine/Content/EditorLandscapeResources/DefaultAlphaTexture.uasset" 608
"../../../Engine/Content/EditorLandscapeResources/DefaultAlphaTexture.uexp" 609
"../../../Engine/Content/EditorLandscapeResources/DataLayer.uasset" 610
"../../../Engine/Content/EditorLandscapeResources/DataLayer.uexp" 611
"../../../Engine/Content/EngineMaterials/DefaultMaterial.uasset" 612
"../../../Engine/Content/EngineMaterials/DefaultMaterial.uexp" 613
"../../../Engine/Content/BasicShapes/Cylinder.uasset" 614
"../../../Engine/Content/BasicShapes/Cylinder.uexp" 615
"../../../Engine/Content/BasicShapes/Cube.uasset" 616
"../../../Engine/Content/BasicShapes/Cube.uexp" 617
"../../../Engine/Content/BasicShapes/Cone.uasset" 618
"../../../Engine/Content/BasicShapes/Cone.uexp" 619
"../../../Engine/Content/ArtTools/RenderToTexture/Meshes/S_1_Unit_Plane.uasset" 620
"../../../Engine/Content/ArtTools/RenderToTexture/Meshes/S_1_Unit_Plane.uexp" 621
"../../../Engine/Content/Maps/Entry_BuiltData.uasset" 622
"../../../Engine/Content/Maps/Entry_BuiltData.uexp" 623
"../../../Engine/Content/Maps/Entry.uexp" 624
"../../../Engine/Content/Maps/Entry.umap" 625
"C:/Users/mag11/Documents/Unreal Projects/Fanmade_VivaPinata/Content/Gameplay/Blueprints/SwipeDirection.uasset" 626
"C:/Users/mag11/Documents/Unreal Projects/Fanmade_VivaPinata/Content/Gameplay/Blueprints/SwipeDirection.uexp" 627
"C:/Users/mag11/Documents/Unreal Projects/Fanmade_VivaPinata/Content/Gameplay/Blueprints/TouchInputType.uasset" 628
"C:/Users/mag11/Documents/Unreal Projects/Fanmade_VivaPinata/Content/Gameplay/Blueprints/TouchInputType.uexp" 629
"C:/Users/mag11/Documents/Unreal Projects/Fanmade_VivaPinata/Content/Gameplay/Blueprints/TouchInputData.uasset" 630
"C:/Users/mag11/Documents/Unreal Projects/Fanmade_VivaPinata/Content/Gameplay/Blueprints/TouchInputData.uexp" 631
"../../../Engine/Content/EditorBlueprintResources/StandardMacros.uasset" 632
"../../../Engine/Content/EditorBlueprintResources/StandardMacros.uexp" 633
"C:/Users/mag11/Documents/Unreal Projects/Fanmade_VivaPinata/Content/Gameplay/Blueprints/BP_TouchEventsComponenent.uasset" 634
"C:/Users/mag11/Documents/Unreal Projects/Fanmade_VivaPinata/Content/Gameplay/Blueprints/BP_TouchEventsComponenent.uexp" 635
"C:/Users/mag11/Documents/Unreal Projects/Fanmade_VivaPinata/Content/Graphics/UI/Mobile/Mobile_HUD.uasset" 636
"C:/Users/mag11/Documents/Unreal Projects/Fanmade_VivaPinata/Content/Graphics/UI/Mobile/Mobile_HUD.uexp" 637
"C:/Users/mag11/Documents/Unreal Projects/Fanmade_VivaPinata/Content/Gameplay/Player/MobileCharactor.uasset" 638
"C:/Users/mag11/Documents/Unreal Projects/Fanmade_VivaPinata/Content/Gameplay/Player/MobileCharactor.uexp" 639
"C:/Users/mag11/Documents/Unreal Projects/Fanmade_VivaPinata/Content/Gameplay/Blueprints/VivaPlayerController.uasset" 640
"C:/Users/mag11/Documents/Unreal Projects/Fanmade_VivaPinata/Content/Gameplay/Blueprints/VivaPlayerController.uexp" 641
"C:/Users/mag11/Documents/Unreal Projects/Fanmade_VivaPinata/Content/Graphics/Luos8Elements/X_Showcase_Content/Blueprints/Walk_Around.uasset" 642
"C:/Users/mag11/Documents/Unreal Projects/Fanmade_VivaPinata/Content/Graphics/Luos8Elements/X_Showcase_Content/Blueprints/Walk_Around.uexp" 643
"C:/Users/mag11/Documents/Unreal Projects/Fanmade_VivaPinata/Content/Gameplay/Globelperms/Material_perms.uasset" 644
"C:/Users/mag11/Documents/Unreal Projects/Fanmade_VivaPinata/Content/Gameplay/Globelperms/Material_perms.uexp" 645
"C:/Users/mag11/Documents/Unreal Projects/Fanmade_VivaPinata/Content/ASSETS/LandscapeTextures/sand_texture.ubulk" 646
"C:/Users/mag11/Documents/Unreal Projects/Fanmade_VivaPinata/Content/ASSETS/LandscapeTextures/sand_texture.uasset" 647
"C:/Users/mag11/Documents/Unreal Projects/Fanmade_VivaPinata/Content/ASSETS/LandscapeTextures/sand_texture.uexp" 648
"C:/Users/mag11/Documents/Unreal Projects/Fanmade_VivaPinata/Content/PondSetup/Packetsys/PondRT.uasset" 649
"C:/Users/mag11/Documents/Unreal Projects/Fanmade_VivaPinata/Content/PondSetup/Packetsys/PondRT.uexp" 650
"C:/Users/mag11/Documents/Unreal Projects/Fanmade_VivaPinata/Content/Graphics/Channeler.uasset" 651
"C:/Users/mag11/Documents/Unreal Projects/Fanmade_VivaPinata/Content/Graphics/Channeler.uexp" 652
"C:/Users/mag11/Documents/Unreal Projects/Fanmade_VivaPinata/Content/PondSetup/Packetsys/PacketRT.uasset" 653
"C:/Users/mag11/Documents/Unreal Projects/Fanmade_VivaPinata/Content/PondSetup/Packetsys/PacketRT.uexp" 654
"C:/Users/mag11/Documents/Unreal Projects/Fanmade_VivaPinata/Content/PondSetup/Packetsys/PacketDraw.uasset" 655
"C:/Users/mag11/Documents/Unreal Projects/Fanmade_VivaPinata/Content/PondSetup/Packetsys/PacketDraw.uexp" 656
"C:/Users/mag11/Documents/Unreal Projects/Fanmade_VivaPinata/Content/Textures/Landscape/Grass/grass.uasset" 657
"C:/Users/mag11/Documents/Unreal Projects/Fanmade_VivaPinata/Content/Textures/Landscape/Grass/grass.uexp" 658
"C:/Users/mag11/Documents/Unreal Projects/Fanmade_VivaPinata/Content/PondSetup/Packetsys/PacketDraw_Grass.uasset" 659
"C:/Users/mag11/Documents/Unreal Projects/Fanmade_VivaPinata/Content/PondSetup/Packetsys/PacketDraw_Grass.uexp" 660
"../../../Engine/Content/EngineSky/C_Sky_Horizon_Color.uasset" 661
"../../../Engine/Content/EngineSky/C_Sky_Horizon_Color.uexp" 662
"../../../Engine/Content/EngineSky/T_Sky_Stars.ubulk" 663
"../../../Engine/Content/EngineSky/T_Sky_Stars.uasset" 664
"../../../Engine/Content/EngineSky/T_Sky_Stars.uexp" 665
"../../../Engine/Content/EngineSky/T_Sky_Clouds_M.ubulk" 666
"../../../Engine/Content/EngineSky/T_Sky_Clouds_M.uasset" 667
"../../../Engine/Content/EngineSky/T_Sky_Clouds_M.uexp" 668
"../../../Engine/Content/EngineSky/T_Sky_Blue.ubulk" 669
"../../../Engine/Content/EngineSky/T_Sky_Blue.uasset" 670
"../../../Engine/Content/EngineSky/T_Sky_Blue.uexp" 671
"../../../Engine/Content/EngineSky/M_Sky_Panning_Clouds2.uasset" 672
"../../../Engine/Content/EngineSky/M_Sky_Panning_Clouds2.uexp" 673
"../../../Engine/Content/EngineSky/SM_SkySphere.uasset" 674
"../../../Engine/Content/EngineSky/SM_SkySphere.uexp" 675
"../../../Engine/Content/EngineSky/C_Sky_Cloud_Color.uasset" 676
"../../../Engine/Content/EngineSky/C_Sky_Cloud_Color.uexp" 677
"../../../Engine/Content/EngineSky/C_Sky_Zenith_Color.uasset" 678
"../../../Engine/Content/EngineSky/C_Sky_Zenith_Color.uexp" 679
"../../../Engine/Content/EngineSky/BP_Sky_Sphere.uasset" 680
"../../../Engine/Content/EngineSky/BP_Sky_Sphere.uexp" 681
"C:/Users/mag11/Documents/Unreal Projects/Fanmade_VivaPinata/Content/Gameplay/Enums/SavingEnums/SaveType.uasset" 682
"C:/Users/mag11/Documents/Unreal Projects/Fanmade_VivaPinata/Content/Gameplay/Enums/SavingEnums/SaveType.uexp" 683
"../../../Engine/Content/EngineMaterials/PhysMat_Rubber.uasset" 684
"../../../Engine/Content/EngineMaterials/PhysMat_Rubber.uexp" 685
"C:/Users/mag11/Documents/Unreal Projects/Fanmade_VivaPinata/Content/Gameplay/Player/Cursor/CursorStuct.uasset" 686
"C:/Users/mag11/Documents/Unreal Projects/Fanmade_VivaPinata/Content/Gameplay/Player/Cursor/CursorStuct.uexp" 687
"C:/Users/mag11/Documents/Unreal Projects/Fanmade_VivaPinata/Content/Gameplay/Enums/SavingEnums/PlantStates.uasset" 688
"C:/Users/mag11/Documents/Unreal Projects/Fanmade_VivaPinata/Content/Gameplay/Enums/SavingEnums/PlantStates.uexp" 689
"C:/Users/mag11/Documents/Unreal Projects/Fanmade_VivaPinata/Content/Gameplay/Saving/SavingStructs/FloawerStruct.uasset" 690
"C:/Users/mag11/Documents/Unreal Projects/Fanmade_VivaPinata/Content/Gameplay/Saving/SavingStructs/FloawerStruct.uexp" 691
"C:/Users/mag11/Documents/Unreal Projects/Fanmade_VivaPinata/Content/Gameplay/Saving/SavingStructs/SunMoonStarsStruct.uasset" 692
"C:/Users/mag11/Documents/Unreal Projects/Fanmade_VivaPinata/Content/Gameplay/Saving/SavingStructs/SunMoonStarsStruct.uexp" 693
"C:/Users/mag11/Documents/Unreal Projects/Fanmade_VivaPinata/Content/Gameplay/Enums/SavingEnums/playerSaveObjectType.uasset" 694
"C:/Users/mag11/Documents/Unreal Projects/Fanmade_VivaPinata/Content/Gameplay/Enums/SavingEnums/playerSaveObjectType.uexp" 695
"C:/Users/mag11/Documents/Unreal Projects/Fanmade_VivaPinata/Content/Gameplay/Enums/GardenUpgrades/Lines.uasset" 696
"C:/Users/mag11/Documents/Unreal Projects/Fanmade_VivaPinata/Content/Gameplay/Enums/GardenUpgrades/Lines.uexp" 697
"C:/Users/mag11/Documents/Unreal Projects/Fanmade_VivaPinata/Content/Gameplay/Saving/SavingStructs/GardenSizeControllerStruct.uasset" 698
"C:/Users/mag11/Documents/Unreal Projects/Fanmade_VivaPinata/Content/Gameplay/Saving/SavingStructs/GardenSizeControllerStruct.uexp" 699
"C:/Users/mag11/Documents/Unreal Projects/Fanmade_VivaPinata/Content/Gameplay/Enums/SavingEnums/StaticSaveObjectType.uasset" 700
"C:/Users/mag11/Documents/Unreal Projects/Fanmade_VivaPinata/Content/Gameplay/Enums/SavingEnums/StaticSaveObjectType.uexp" 701
"C:/Users/mag11/Documents/Unreal Projects/Fanmade_VivaPinata/Content/Gameplay/Saving/SaveableObject.uasset" 702
"C:/Users/mag11/Documents/Unreal Projects/Fanmade_VivaPinata/Content/Gameplay/Saving/SaveableObject.uexp" 703
"C:/Users/mag11/Documents/Unreal Projects/Fanmade_VivaPinata/Content/ASSETS/Candy/Normal_Candy/Regular_Candy_TXTR.ubulk" 704
"C:/Users/mag11/Documents/Unreal Projects/Fanmade_VivaPinata/Content/ASSETS/Candy/Normal_Candy/Regular_Candy_TXTR.uasset" 705
"C:/Users/mag11/Documents/Unreal Projects/Fanmade_VivaPinata/Content/ASSETS/Candy/Normal_Candy/Regular_Candy_TXTR.uexp" 706
"C:/Users/mag11/Documents/Unreal Projects/Fanmade_VivaPinata/Content/ASSETS/Candy/Normal_Candy/Material_002.uasset" 707
"C:/Users/mag11/Documents/Unreal Projects/Fanmade_VivaPinata/Content/ASSETS/Candy/Normal_Candy/Material_002.uexp" 708
"C:/Users/mag11/Documents/Unreal Projects/Fanmade_VivaPinata/Content/ASSETS/Candy/Normal_Candy/Regular_Candy.uasset" 709
"C:/Users/mag11/Documents/Unreal Projects/Fanmade_VivaPinata/Content/ASSETS/Candy/Normal_Candy/Regular_Candy.uexp" 710
"C:/Users/mag11/Documents/Unreal Projects/Fanmade_VivaPinata/Content/Gameplay/AI/PinataAI/BT/SourPossomRequiarment.uasset" 711
"C:/Users/mag11/Documents/Unreal Projects/Fanmade_VivaPinata/Content/Gameplay/AI/PinataAI/BT/SourPossomRequiarment.uexp" 712
"C:/Users/mag11/Documents/Unreal Projects/Fanmade_VivaPinata/Content/Gameplay/Enums/MainCharactorEnums/CursorInteractiveType.uasset" 713
"C:/Users/mag11/Documents/Unreal Projects/Fanmade_VivaPinata/Content/Gameplay/Enums/MainCharactorEnums/CursorInteractiveType.uexp" 714
"C:/Users/mag11/Documents/Unreal Projects/Fanmade_VivaPinata/Content/Gameplay/Interfaces/Eatable.uasset" 715
"C:/Users/mag11/Documents/Unreal Projects/Fanmade_VivaPinata/Content/Gameplay/Interfaces/Eatable.uexp" 716
"C:/Users/mag11/Documents/Unreal Projects/Fanmade_VivaPinata/Content/Gameplay/Interfaces/CursorInterface.uasset" 717
"C:/Users/mag11/Documents/Unreal Projects/Fanmade_VivaPinata/Content/Gameplay/Interfaces/CursorInterface.uexp" 718
"C:/Users/mag11/Documents/Unreal Projects/Fanmade_VivaPinata/Content/Gameplay/Candy/CandyData.uasset" 719
"C:/Users/mag11/Documents/Unreal Projects/Fanmade_VivaPinata/Content/Gameplay/Candy/CandyData.uexp" 720
"C:/Users/mag11/Documents/Unreal Projects/Fanmade_VivaPinata/Content/Gameplay/Candy/NormalCandy1.uasset" 721
"C:/Users/mag11/Documents/Unreal Projects/Fanmade_VivaPinata/Content/Gameplay/Candy/NormalCandy1.uexp" 722
"../../../Engine/Content/Animation/DefaultAnimCurveCompressionSettings.uasset" 723
"../../../Engine/Content/Animation/DefaultAnimCurveCompressionSettings.uexp" 724
"C:/Users/mag11/Documents/Unreal Projects/Fanmade_VivaPinata/Content/ASSETS/Trees/Chery/Cherry_Tree_Skeleton.uasset" 725
"C:/Users/mag11/Documents/Unreal Projects/Fanmade_VivaPinata/Content/ASSETS/Trees/Chery/Cherry_Tree_Skeleton.uexp" 726
"../../../Engine/Content/Animation/DefaultAnimBoneCompressionSettings.uasset" 727
"../../../Engine/Content/Animation/DefaultAnimBoneCompressionSettings.uexp" 728
"C:/Users/mag11/Documents/Unreal Projects/Fanmade_VivaPinata/Content/ASSETS/Trees/Chery/Cherry_Tree_Anim_Armature_Growing.uasset" 729
"C:/Users/mag11/Documents/Unreal Projects/Fanmade_VivaPinata/Content/ASSETS/Trees/Chery/Cherry_Tree_Anim_Armature_Growing.uexp" 730
"C:/Users/mag11/Documents/Unreal Projects/Fanmade_VivaPinata/Content/ASSETS/dirt_texture_tile_1.uasset" 731
"C:/Users/mag11/Documents/Unreal Projects/Fanmade_VivaPinata/Content/ASSETS/dirt_texture_tile_1.uexp" 732
"../../../Engine/Content/EngineMaterials/BlendFunc_DefBlend.uasset" 733
"../../../Engine/Content/EngineMaterials/BlendFunc_DefBlend.uexp" 734
"../../../Engine/Content/EngineMaterials/BlendFunc_DefBase.uasset" 735
"../../../Engine/Content/EngineMaterials/BlendFunc_DefBase.uexp" 736
"../../../Engine/Content/Functions/Engine_MaterialFunctions03/Blends/Blend_Screen.uasset" 737
"../../../Engine/Content/Functions/Engine_MaterialFunctions03/Blends/Blend_Screen.uexp" 738
"C:/Users/mag11/Documents/Unreal Projects/Fanmade_VivaPinata/Content/EnviromentAssets/Stylized_Forest/Textures/stones/T_moss_basecolor.uasset" 739
"C:/Users/mag11/Documents/Unreal Projects/Fanmade_VivaPinata/Content/EnviromentAssets/Stylized_Forest/Textures/stones/T_moss_basecolor.uexp" 740
"C:/Users/mag11/Documents/Unreal Projects/Fanmade_VivaPinata/Content/Graphics/rockdecal1.uasset" 741
"C:/Users/mag11/Documents/Unreal Projects/Fanmade_VivaPinata/Content/Graphics/rockdecal1.uexp" 742
"C:/Users/mag11/Documents/Unreal Projects/Fanmade_VivaPinata/Content/ASSETS/Trees/Chery/Cherry_TreeNORMAL.uasset" 743
"C:/Users/mag11/Documents/Unreal Projects/Fanmade_VivaPinata/Content/ASSETS/Trees/Chery/Cherry_TreeNORMAL.uexp" 744
"../../../Engine/Content/Functions/Engine_MaterialFunctions01/AlphaBlend/WorldAlignedBlend.uasset" 745
"../../../Engine/Content/Functions/Engine_MaterialFunctions01/AlphaBlend/WorldAlignedBlend.uexp" 746
"C:/Users/mag11/Documents/Unreal Projects/Fanmade_VivaPinata/Content/Graphics/MagsWorldAlignedTexture.uasset" 747
"C:/Users/mag11/Documents/Unreal Projects/Fanmade_VivaPinata/Content/Graphics/MagsWorldAlignedTexture.uexp" 748
"C:/Users/mag11/Documents/Unreal Projects/Fanmade_VivaPinata/Content/ASSETS/LandscapeTextures/stonetile.uasset" 749
"C:/Users/mag11/Documents/Unreal Projects/Fanmade_VivaPinata/Content/ASSETS/LandscapeTextures/stonetile.uexp" 750
"../../../Engine/Content/Functions/Engine_MaterialFunctions02/ExampleContent/Textures/testPattern1.ubulk" 751
"../../../Engine/Content/Functions/Engine_MaterialFunctions02/ExampleContent/Textures/testPattern1.uasset" 752
"../../../Engine/Content/Functions/Engine_MaterialFunctions02/ExampleContent/Textures/testPattern1.uexp" 753
"../../../Engine/Content/Functions/Engine_MaterialFunctions01/Texturing/WorldAlignedTexture.uasset" 754
"../../../Engine/Content/Functions/Engine_MaterialFunctions01/Texturing/WorldAlignedTexture.uexp" 755
"C:/Users/mag11/Documents/Unreal Projects/Fanmade_VivaPinata/Content/Graphics/MasterMaterials/MasterMaterial.uasset" 756
"C:/Users/mag11/Documents/Unreal Projects/Fanmade_VivaPinata/Content/Graphics/MasterMaterials/MasterMaterial.uexp" 757
"C:/Users/mag11/Documents/Unreal Projects/Fanmade_VivaPinata/Content/ASSETS/Trees/Peach/Leaf/txtr.ubulk" 758
"C:/Users/mag11/Documents/Unreal Projects/Fanmade_VivaPinata/Content/ASSETS/Trees/Peach/Leaf/txtr.uasset" 759
"C:/Users/mag11/Documents/Unreal Projects/Fanmade_VivaPinata/Content/ASSETS/Trees/Peach/Leaf/txtr.uexp" 760
"C:/Users/mag11/Documents/Unreal Projects/Fanmade_VivaPinata/Content/Graphics/MasterMaterials/PeachLeaf.uasset" 761
"C:/Users/mag11/Documents/Unreal Projects/Fanmade_VivaPinata/Content/Graphics/MasterMaterials/PeachLeaf.uexp" 762
"C:/Users/mag11/Documents/Unreal Projects/Fanmade_VivaPinata/Content/ASSETS/Trees/Peach/peach_tree_Skeleton.uasset" 763
"C:/Users/mag11/Documents/Unreal Projects/Fanmade_VivaPinata/Content/ASSETS/Trees/Peach/peach_tree_Skeleton.uexp" 764
"C:/Users/mag11/Documents/Unreal Projects/Fanmade_VivaPinata/Content/ASSETS/Trees/Peach/Peach_Tree_TXTR.ubulk" 765
"C:/Users/mag11/Documents/Unreal Projects/Fanmade_VivaPinata/Content/ASSETS/Trees/Peach/Peach_Tree_TXTR.uasset" 766
"C:/Users/mag11/Documents/Unreal Projects/Fanmade_VivaPinata/Content/ASSETS/Trees/Peach/Peach_Tree_TXTR.uexp" 767
"C:/Users/mag11/Documents/Unreal Projects/Fanmade_VivaPinata/Content/Graphics/MasterMaterials/PeachTree.uasset" 768
"C:/Users/mag11/Documents/Unreal Projects/Fanmade_VivaPinata/Content/Graphics/MasterMaterials/PeachTree.uexp" 769
"C:/Users/mag11/Documents/Unreal Projects/Fanmade_VivaPinata/Content/ASSETS/Trees/Peach/peach_tree_PhysicsAsset.uasset" 770
"C:/Users/mag11/Documents/Unreal Projects/Fanmade_VivaPinata/Content/ASSETS/Trees/Peach/peach_tree_PhysicsAsset.uexp" 771
"C:/Users/mag11/Documents/Unreal Projects/Fanmade_VivaPinata/Content/ASSETS/Trees/Peach/peach_tree.uasset" 772
"C:/Users/mag11/Documents/Unreal Projects/Fanmade_VivaPinata/Content/ASSETS/Trees/Peach/peach_tree.uexp" 773
"C:/Users/mag11/Documents/Unreal Projects/Fanmade_VivaPinata/Content/ASSETS/Trees/Peach/Leaf/Peach_Leaf_StaticMesh.uasset" 774
"C:/Users/mag11/Documents/Unreal Projects/Fanmade_VivaPinata/Content/ASSETS/Trees/Peach/Leaf/Peach_Leaf_StaticMesh.uexp" 775
"C:/Users/mag11/Documents/Unreal Projects/Fanmade_VivaPinata/Content/ASSETS/Trees/Peach/StaticPeachTree.uasset" 776
"C:/Users/mag11/Documents/Unreal Projects/Fanmade_VivaPinata/Content/ASSETS/Trees/Peach/StaticPeachTree.uexp" 777
"C:/Users/mag11/Documents/Unreal Projects/Fanmade_VivaPinata/Content/ASSETS/Trees/Chery/Leaf/Leaf_NORMAL.ubulk" 778
"C:/Users/mag11/Documents/Unreal Projects/Fanmade_VivaPinata/Content/ASSETS/Trees/Chery/Leaf/Leaf_NORMAL.uasset" 779
"C:/Users/mag11/Documents/Unreal Projects/Fanmade_VivaPinata/Content/ASSETS/Trees/Chery/Leaf/Leaf_NORMAL.uexp" 780
"C:/Users/mag11/Documents/Unreal Projects/Fanmade_VivaPinata/Content/ASSETS/Trees/Chery/Leaf/Leaf_ALPHA.ubulk" 781
"C:/Users/mag11/Documents/Unreal Projects/Fanmade_VivaPinata/Content/ASSETS/Trees/Chery/Leaf/Leaf_ALPHA.uasset" 782
"C:/Users/mag11/Documents/Unreal Projects/Fanmade_VivaPinata/Content/ASSETS/Trees/Chery/Leaf/Leaf_ALPHA.uexp" 783
"C:/Users/mag11/Documents/Unreal Projects/Fanmade_VivaPinata/Content/ASSETS/Trees/Chery/Leaf/Leaf2.ubulk" 784
"C:/Users/mag11/Documents/Unreal Projects/Fanmade_VivaPinata/Content/ASSETS/Trees/Chery/Leaf/Leaf2.uasset" 785
"C:/Users/mag11/Documents/Unreal Projects/Fanmade_VivaPinata/Content/ASSETS/Trees/Chery/Leaf/Leaf2.uexp" 786
"../../../Engine/Content/Functions/Engine_MaterialFunctions01/WorldPositionOffset/SimpleGrassWind.uasset" 787
"../../../Engine/Content/Functions/Engine_MaterialFunctions01/WorldPositionOffset/SimpleGrassWind.uexp" 788
"C:/Users/mag11/Documents/Unreal Projects/Fanmade_VivaPinata/Content/ASSETS/Trees/Chery/Leaf/Material.uasset" 789
"C:/Users/mag11/Documents/Unreal Projects/Fanmade_VivaPinata/Content/ASSETS/Trees/Chery/Leaf/Material.uexp" 790
"C:/Users/mag11/Documents/Unreal Projects/Fanmade_VivaPinata/Content/ASSETS/Trees/Chery/Leaf/MaterialInstanceDynamic_0.uasset" 791
"C:/Users/mag11/Documents/Unreal Projects/Fanmade_VivaPinata/Content/ASSETS/Trees/Chery/Leaf/MaterialInstanceDynamic_0.uexp" 792
"C:/Users/mag11/Documents/Unreal Projects/Fanmade_VivaPinata/Content/ASSETS/Trees/Chery/Leaf/LeafMesh.uasset" 793
"C:/Users/mag11/Documents/Unreal Projects/Fanmade_VivaPinata/Content/ASSETS/Trees/Chery/Leaf/LeafMesh.uexp" 794
"../../../Engine/Content/BasicShapes/Sphere.uasset" 795
"../../../Engine/Content/BasicShapes/Sphere.uexp" 796
"C:/Users/mag11/Documents/Unreal Projects/Fanmade_VivaPinata/Content/ASSETS/Trees/Chery/Cherry_Tree_PhysicsAsset.uasset" 797
"C:/Users/mag11/Documents/Unreal Projects/Fanmade_VivaPinata/Content/ASSETS/Trees/Chery/Cherry_Tree_PhysicsAsset.uexp" 798
"C:/Users/mag11/Documents/Unreal Projects/Fanmade_VivaPinata/Content/ASSETS/Trees/Chery/Cherry_Tree2.ubulk" 799
"C:/Users/mag11/Documents/Unreal Projects/Fanmade_VivaPinata/Content/ASSETS/Trees/Chery/Cherry_Tree2.uasset" 800
"C:/Users/mag11/Documents/Unreal Projects/Fanmade_VivaPinata/Content/ASSETS/Trees/Chery/Cherry_Tree2.uexp" 801
"C:/Users/mag11/Documents/Unreal Projects/Fanmade_VivaPinata/Content/ASSETS/Trees/Chery/Material_001.uasset" 802
"C:/Users/mag11/Documents/Unreal Projects/Fanmade_VivaPinata/Content/ASSETS/Trees/Chery/Material_001.uexp" 803
"C:/Users/mag11/Documents/Unreal Projects/Fanmade_VivaPinata/Content/ASSETS/Trees/Chery/Cherry_Tree.uasset" 804
"C:/Users/mag11/Documents/Unreal Projects/Fanmade_VivaPinata/Content/ASSETS/Trees/Chery/Cherry_Tree.uexp" 805
"../../../Engine/Content/BasicShapes/BasicShapeMaterial.uasset" 806
"../../../Engine/Content/BasicShapes/BasicShapeMaterial.uexp" 807
"C:/Users/mag11/Documents/Unreal Projects/Fanmade_VivaPinata/Content/Graphics/MasterMaterials/ChrryBark.uasset" 808
"C:/Users/mag11/Documents/Unreal Projects/Fanmade_VivaPinata/Content/Graphics/MasterMaterials/ChrryBark.uexp" 809
"C:/Users/mag11/Documents/Unreal Projects/Fanmade_VivaPinata/Content/ASSETS/Trees/Chery/CherryTree.uasset" 810
"C:/Users/mag11/Documents/Unreal Projects/Fanmade_VivaPinata/Content/ASSETS/Trees/Chery/CherryTree.uexp" 811
"../../../Engine/Content/BasicShapes/Plane.uasset" 812
"../../../Engine/Content/BasicShapes/Plane.uexp" 813
"C:/Users/mag11/Documents/Unreal Projects/Fanmade_VivaPinata/Content/Maps/MobileTestingMap.uexp" 814
"C:/Users/mag11/Documents/Unreal Projects/Fanmade_VivaPinata/Content/Maps/MobileTestingMap.umap" 815
